Build started 12/31/2014 6:46:35 PM.
     1>Project "C:\Users\noahh_000\Noah\Programing\CPP\decaf\decaf.vcxproj" on node 2 (Build target(s)).
     1>ClCompile:
         C:\Program Files (x86)\Microsoft Visual Studio 12.0\VC\bin\CL.exe /c /ZI /nologo /W3 /WX- /sdl /Od /Oy- /D _MBCS /Gm /EHsc /RTC1 /MDd /GS /fp:precise /Zc:wchar_t /Zc:forScope /Fo"Debug\\" /Fd"Debug\vc120.pdb" /Gd /TP /analyze- /errorReport:prompt src\lexer\lexer.cpp src\main.cpp src\token\token.cpp
         token.cpp
     1>c:\users\noahh_000\noah\programing\cpp\decaf\src\token\token.cpp(1): warning C4067: unexpected tokens following preprocessor directive - expected a newline
         main.cpp
         lexer.cpp
     1>c:\users\noahh_000\noah\programing\cpp\decaf\src\lexer\lexer.cpp(6): error C2011: 'Lexer' : 'class' type redefinition
                 c:\users\noahh_000\noah\programing\cpp\decaf\src\lexer\lexer.h(9) : see declaration of 'Lexer'
         Generating Code...
     1>Done Building Project "C:\Users\noahh_000\Noah\Programing\CPP\decaf\decaf.vcxproj" (Build target(s)) -- FAILED.

Build FAILED.

Time Elapsed 00:00:01.88
